[6.318s] DEBUG:colcon:Command line arguments: ['/usr/bin/colcon', 'build', '--packages-select', 'arpis_client']
[6.319s] DEBUG:colcon:Parsed command line arguments: Namespace(allow_overriding=[], ament_cmake_args=None, base_paths=['.'], build_base='build', catkin_cmake_args=None, catkin_skip_building_tests=False, cmake_args=None, cmake_clean_cache=False, cmake_clean_first=False, cmake_force_configure=False, cmake_target=None, cmake_target_skip_unavailable=False, continue_on_error=False, event_handlers=None, executor='parallel', ignore_user_meta=False, install_base='install', log_base=None, log_level=None, main=<bound method BuildVerb.main of <colcon_core.verb.build.BuildVerb object at 0x7f65ce3c15b0>>, merge_install=False, metas=['./colcon.meta'], mixin=None, mixin_files=None, mixin_verb=('build',), packages_above=None, packages_above_and_dependencies=None, packages_above_depth=None, packages_end=None, packages_ignore=None, packages_ignore_regex=None, packages_select=['arpis_client'], packages_select_build_failed=False, packages_select_by_dep=None, packages_select_regex=None, packages_select_test_failures=False, packages_skip=None, packages_skip_build_finished=False, packages_skip_by_dep=None, packages_skip_regex=None, packages_skip_test_passed=False, packages_skip_up_to=None, packages_start=None, packages_up_to=None, packages_up_to_regex=None, parallel_workers=2, paths=None, symlink_install=False, test_result_base=None, verb_extension=<colcon_core.verb.build.BuildVerb object at 0x7f65ce3c15b0>, verb_name='build', verb_parser=<colcon_mixin.mixin.mixin_argument.MixinArgumentDecorator object at 0x7f65ce3c1c10>)
[7.420s] Level 1:colcon.colcon_core.package_discovery:discover_packages(colcon_meta) check parameters
[7.421s] Level 1:colcon.colcon_core.package_discovery:discover_packages(recursive) check parameters
[7.423s] Level 1:colcon.colcon_core.package_discovery:discover_packages(ignore) check parameters
[7.425s] Level 1:colcon.colcon_core.package_discovery:discover_packages(path) check parameters
[7.426s] Level 1:colcon.colcon_core.package_discovery:discover_packages(colcon_meta) discover
[7.429s] Level 1:colcon.colcon_core.package_discovery:discover_packages(recursive) discover
[7.430s] INFO:colcon.colcon_core.package_discovery:Crawling recursively for packages in '/home/arfan/belajar-ros2/panworkspace/src/arpis_client/urdf'
[7.434s] Level 1:colcon.colcon_core.package_identification:_identify(.) by extensions ['ignore', 'ignore_ament_install']
[7.435s] Level 1:colcon.colcon_core.package_identification:_identify(.) by extension 'ignore'
[7.436s] Level 1:colcon.colcon_core.package_identification:_identify(.) by extension 'ignore_ament_install'
[7.440s] Level 1:colcon.colcon_core.package_identification:_identify(.) by extensions ['colcon_pkg']
[7.441s] Level 1:colcon.colcon_core.package_identification:_identify(.) by extension 'colcon_pkg'
[7.442s] Level 1:colcon.colcon_core.package_identification:_identify(.) by extensions ['colcon_meta']
[7.442s] Level 1:colcon.colcon_core.package_identification:_identify(.) by extension 'colcon_meta'
[7.443s] Level 1:colcon.colcon_core.package_identification:_identify(.) by extensions ['ros']
[7.445s] Level 1:colcon.colcon_core.package_identification:_identify(.) by extension 'ros'
[8.937s] Level 1:colcon.colcon_core.package_identification:_identify(.) by extensions ['cmake', 'python']
[8.948s] Level 1:colcon.colcon_core.package_identification:_identify(.) by extension 'cmake'
[8.950s] Level 1:colcon.colcon_core.package_identification:_identify(.) by extension 'python'
[8.955s] Level 1:colcon.colcon_core.package_identification:_identify(.) by extensions ['python_setup_py']
[8.955s] Level 1:colcon.colcon_core.package_identification:_identify(.) by extension 'python_setup_py'
[8.962s] Level 1:colcon.colcon_core.package_identification:_identify(build) by extensions ['ignore', 'ignore_ament_install']
[8.970s] Level 1:colcon.colcon_core.package_identification:_identify(build) by extension 'ignore'
[8.974s] Level 1:colcon.colcon_core.package_identification:_identify(build) ignored
[8.977s] Level 1:colcon.colcon_core.package_identification:_identify(install) by extensions ['ignore', 'ignore_ament_install']
[8.987s] Level 1:colcon.colcon_core.package_identification:_identify(install) by extension 'ignore'
[8.991s] Level 1:colcon.colcon_core.package_identification:_identify(install) ignored
[9.000s] Level 1:colcon.colcon_core.package_identification:_identify(log) by extensions ['ignore', 'ignore_ament_install']
[9.004s] Level 1:colcon.colcon_core.package_identification:_identify(log) by extension 'ignore'
[9.005s] Level 1:colcon.colcon_core.package_identification:_identify(log) ignored
[9.006s] Level 1:colcon.colcon_core.package_discovery:discover_packages(recursive) using defaults
[9.013s] Level 1:colcon.colcon_core.package_discovery:discover_packages(ignore) discover
[9.014s] Level 1:colcon.colcon_core.package_discovery:discover_packages(ignore) using defaults
[9.015s] Level 1:colcon.colcon_core.package_discovery:discover_packages(path) discover
[9.015s] Level 1:colcon.colcon_core.package_discovery:discover_packages(path) using defaults
[9.052s] WARNING:colcon.colcon_core.package_selection:ignoring unknown package 'arpis_client' in --packages-select
[10.209s] Level 1:colcon.colcon_core.package_discovery:discover_packages(prefix_path) check parameters
[10.229s] Level 1:colcon.colcon_core.package_discovery:discover_packages(prefix_path) discover
[10.584s] DEBUG:colcon.colcon_installed_package_information.package_discovery:Found 277 installed packages in /opt/ros/foxy
[10.853s] Level 1:colcon.colcon_core.package_discovery:discover_packages(prefix_path) using defaults
[16.815s] INFO:colcon.colcon_core.executor:Executing jobs using 'parallel' executor
[17.443s] DEBUG:colcon.colcon_parallel_executor.executor.parallel:run_until_complete
[17.462s] DEBUG:colcon.colcon_parallel_executor.executor.parallel:closing loop
[17.466s] DEBUG:colcon.colcon_parallel_executor.executor.parallel:loop closed
[17.469s] DEBUG:colcon.colcon_parallel_executor.executor.parallel:run_until_complete finished with '0'
[17.474s] DEBUG:colcon.colcon_core.event_reactor:joining thread
[17.781s] INFO:colcon.colcon_core.plugin_system:Skipping extension 'colcon_notification.desktop_notification.terminal_notifier': Not used on non-Darwin systems
[17.806s] INFO:colcon.colcon_core.plugin_system:Skipping extension 'colcon_notification.desktop_notification.win32': Not used on non-Windows systems
[17.807s] INFO:colcon.colcon_notification.desktop_notification:Sending desktop notification using 'notify2'
[18.458s] DEBUG:colcon.colcon_core.event_reactor:joined thread
[18.716s] INFO:colcon.colcon_core.plugin_system:Skipping extension 'colcon_core.shell.bat': Not used on non-Windows systems
[18.805s] INFO:colcon.colcon_core.shell:Creating prefix script '/home/arfan/belajar-ros2/panworkspace/src/arpis_client/urdf/install/local_setup.ps1'
[18.888s] INFO:colcon.colcon_core.shell:Creating prefix util module '/home/arfan/belajar-ros2/panworkspace/src/arpis_client/urdf/install/_local_setup_util_ps1.py'
[18.996s] INFO:colcon.colcon_core.shell:Creating prefix chain script '/home/arfan/belajar-ros2/panworkspace/src/arpis_client/urdf/install/setup.ps1'
[19.056s] INFO:colcon.colcon_core.shell:Creating prefix script '/home/arfan/belajar-ros2/panworkspace/src/arpis_client/urdf/install/local_setup.sh'
[19.092s] INFO:colcon.colcon_core.shell:Creating prefix util module '/home/arfan/belajar-ros2/panworkspace/src/arpis_client/urdf/install/_local_setup_util_sh.py'
[19.108s] INFO:colcon.colcon_core.shell:Creating prefix chain script '/home/arfan/belajar-ros2/panworkspace/src/arpis_client/urdf/install/setup.sh'
[19.158s] INFO:colcon.colcon_core.shell:Creating prefix script '/home/arfan/belajar-ros2/panworkspace/src/arpis_client/urdf/install/local_setup.bash'
[19.181s] INFO:colcon.colcon_core.shell:Creating prefix chain script '/home/arfan/belajar-ros2/panworkspace/src/arpis_client/urdf/install/setup.bash'
[19.221s] INFO:colcon.colcon_core.shell:Creating prefix script '/home/arfan/belajar-ros2/panworkspace/src/arpis_client/urdf/install/local_setup.zsh'
[19.241s] INFO:colcon.colcon_core.shell:Creating prefix chain script '/home/arfan/belajar-ros2/panworkspace/src/arpis_client/urdf/install/setup.zsh'
